<?xml version="1.0" encoding="UTF-8"?>
<testsuite xmlns:xsi="http://www.w3.org/2001/XMLSchema-instance" xsi:noNamespaceSchemaLocation="https://maven.apache.org/surefire/maven-surefire-plugin/xsd/surefire-test-report.xsd" name="TestSuite" time="0.529" tests="4" errors="0" skipped="0" failures="2">
  <properties>
[...]
</properties>
  <testcase name="test1" classname="ReportTest" time="0.009">
    <failure message="expected [2] but found [1]" type="java.lang.AssertionError">java.lang.AssertionError: expected [2] but found [1]
	at ReportTest.test1(ReportTest.java:8)
</failure>
  </testcase>
  <testcase name="test2" classname="ReportTest" time="0"/>
  <testcase name="test3" classname="ReportTest" time="0"/>
  <testcase name="logDemo" classname="ReportTest" time="0">
    <failure message="这是我自己运行时候的异常" type="java.lang.RuntimeException">java.lang.RuntimeException: 这是我自己运行时候的异常
	at ReportTest.logDemo(ReportTest.java:24)
</failure>
  </testcase>
</testsuite>